<?xml version="1.0" encoding="UTF-8"?>
<!-- Generated by org.testng.reporters.JUnitXMLReporter -->
<testsuite hostname="DESKTOP-DA62AFG" name="FunctTest" tests="4" failures="2" timestamp="24 Sep 2016 04:25:11 GMT" time="24.934" errors="0">
  <testcase name="TestLoginClick" time="2.081" classname="com.test.HomePageTest"/>
  <testcase name="testCountSocialIcons" time="0.027" classname="com.test.HomePageTest"/>
  <testcase name="testInvalidLogin" time="2.174" classname="com.test.LoginPageTest">
    <failure type="java.lang.IllegalArgumentException" message="Cannot find elements when the selector is null">
      <![CDATA[java.lang.IllegalArgumentException: Cannot find elements when the selector is null
	at org.openqa.selenium.By.cssSelector(By.java:145)
	at com.pages.LoginPage.invalidLogin(LoginPage.java:19)
	at com.test.LoginPageTest.testInvalidLogin(LoginPageTest.java:36)
... Removed 24 stack frames]]>
    </failure>
  </testcase> <!-- testInvalidLogin -->
  <testcase name="testInvalidLogin" time="2.643" classname="com.test.LoginPageTest">
    <failure type="java.lang.IllegalArgumentException" message="Cannot find elements when the selector is null">
      <![CDATA[java.lang.IllegalArgumentException: Cannot find elements when the selector is null
	at org.openqa.selenium.By.cssSelector(By.java:145)
	at com.pages.LoginPage.invalidLogin(LoginPage.java:19)
	at com.test.LoginPageTest.testInvalidLogin(LoginPageTest.java:36)
... Removed 24 stack frames]]>
    </failure>
  </testcase> <!-- testInvalidLogin -->
</testsuite> <!-- FunctTest -->
